sample/build/intermediates/manifest_merge_blame_file/debug/manifest-merger-blame-debug-report.txt
1<?xml version="1.0" encoding="utf-8"?>
2<manifest xmlns:android="http://schemas.android.com/apk/res/android"
3    package="com.sage.project"
4    android:versionCode="1"
5    android:versionName="1.0" >
6
7    <uses-sdk
8        android:minSdkVersion="24"
8-->src\main\AndroidManifest.xml
9        android:targetSdkVersion="29" />
9-->src\main\AndroidManifest.xml
10
11    <uses-permission android:name="android.permission.RECORD_AUDIO" />
11-->[:camerarecorder] AndroidManifest.xml:10:5-71
11-->[:camerarecorder] AndroidManifest.xml:10:22-68
12    <uses-permission android:name="android.permission.READ_EXTERNAL_STORAGE" />
12-->[:camerarecorder] AndroidManifest.xml:11:5-80
12-->[:camerarecorder] AndroidManifest.xml:11:22-77
13    <uses-permission android:name="android.permission.INTERNET" />
13-->[:camerarecorder] AndroidManifest.xml:12:5-67
13-->[:camerarecorder] AndroidManifest.xml:12:22-64
14    <uses-permission android:name="android.permission.ACCESS_NETWORK_STATE" />
14-->[:camerarecorder] AndroidManifest.xml:13:5-79
14-->[:camerarecorder] AndroidManifest.xml:13:22-76
15
16    <uses-feature android:name="android.hardware.camera" />
16-->[:camerarecorder] AndroidManifest.xml:15:5-60
16-->[:camerarecorder] AndroidManifest.xml:15:19-57
17    <uses-feature android:name="android.hardware.camera.autofocus" />
17-->[:camerarecorder] AndroidManifest.xml:16:5-70
17-->[:camerarecorder] AndroidManifest.xml:16:19-67
18
19    <uses-permission android:name="android.permission.CAMERA" />
19-->[:camerarecorder] AndroidManifest.xml:18:5-65
19-->[:camerarecorder] AndroidManifest.xml:18:22-62
20    <uses-permission android:name="android.permission.WRITE_EXTERNAL_STORAGE" />
20-->[:camerarecorder] AndroidManifest.xml:19:5-81
20-->[:camerarecorder] AndroidManifest.xml:19:22-78
21    <uses-permission android:name="android.permission.RECORD_AUDIO" />
21-->[:camerarecorder] AndroidManifest.xml:10:5-71
21-->[:camerarecorder] AndroidManifest.xml:10:22-68
22    <uses-permission android:name="android.permission.ACCESS_FINE_LOCATION" />
22-->[com.google.android.libraries.places:places:2.4.0] AndroidManifest.xml:9:5-79
22-->[com.google.android.libraries.places:places:2.4.0] AndroidManifest.xml:9:22-76
23    <uses-permission android:name="android.permission.ACCESS_WIFI_STATE" />
23-->[com.google.android.libraries.places:places:2.4.0] AndroidManifest.xml:10:5-76
23-->[com.google.android.libraries.places:places:2.4.0] AndroidManifest.xml:10:22-73
24
25    <uses-feature
25-->[com.google.android.gms:play-services-maps:17.0.0] AndroidManifest.xml:26:5-28:35
26        android:glEsVersion="0x00020000"
26-->[com.google.android.gms:play-services-maps:17.0.0] AndroidManifest.xml:27:9-41
27        android:required="true" />
27-->[com.google.android.gms:play-services-maps:17.0.0] AndroidManifest.xml:28:9-32
28
29    <uses-permission android:name="android.permission.WAKE_LOCK" /> <!-- Required by older versions of Google Play services to create IID tokens -->
29-->[com.google.firebase:firebase-iid:21.0.1] AndroidManifest.xml:24:5-68
29-->[com.google.firebase:firebase-iid:21.0.1] AndroidManifest.xml:24:22-65
30    <uses-permission android:name="com.google.android.c2dm.permission.RECEIVE" />
30-->[com.google.firebase:firebase-iid:21.0.1] AndroidManifest.xml:26:5-82
30-->[com.google.firebase:firebase-iid:21.0.1] AndroidManifest.xml:26:22-79
31
32    <application
32-->src\main\AndroidManifest.xml:4:5-20:19
33        android:name="com.daasuu.camerarecorder.App"
33-->src\main\AndroidManifest.xml:5:9-53
34        android:allowBackup="true"
34-->src\main\AndroidManifest.xml:6:9-35
35        android:appComponentFactory="androidx.core.app.CoreComponentFactory"
35-->[androidx.core:core:1.5.0] AndroidManifest.xml:24:18-86
36        android:debuggable="true"
37        android:extractNativeLibs="false"
38        android:icon="@mipmap/ic_launcher"
38-->src\main\AndroidManifest.xml:7:9-43
39        android:label="@string/app_name"
39-->src\main\AndroidManifest.xml:8:9-41
40        android:roundIcon="@mipmap/ic_launcher_round"
40-->src\main\AndroidManifest.xml:9:9-54
41        android:supportsRtl="true"
41-->src\main\AndroidManifest.xml:10:9-35
42        android:theme="@style/AppTheme" >
42-->src\main\AndroidManifest.xml:11:9-40
43        <activity
43-->src\main\AndroidManifest.xml:12:9-19:20
44            android:name="com.daasuu.sample.MainActivity"
44-->src\main\AndroidManifest.xml:13:13-58
45            android:screenOrientation="portrait" >
45-->src\main\AndroidManifest.xml:14:13-49
46            <intent-filter>
46-->src\main\AndroidManifest.xml:15:13-18:29
47                <action android:name="android.intent.action.MAIN" />
47-->src\main\AndroidManifest.xml:16:17-69
47-->src\main\AndroidManifest.xml:16:25-66
48
49                <category android:name="android.intent.category.LAUNCHER" />
49-->src\main\AndroidManifest.xml:17:17-77
49-->src\main\AndroidManifest.xml:17:27-74
50            </intent-filter>
51        </activity>
52        <activity
52-->[:camerarecorder] AndroidManifest.xml:27:9-29:52
53            android:name="com.daasuu.camerarecorder.ui.activity.VideoRecyclerActivity"
53-->[:camerarecorder] AndroidManifest.xml:28:13-87
54            android:screenOrientation="portrait" />
54-->[:camerarecorder] AndroidManifest.xml:29:13-49
55        <activity
55-->[:camerarecorder] AndroidManifest.xml:30:9-32:52
56            android:name="com.daasuu.camerarecorder.ui.activity.profileActivity"
56-->[:camerarecorder] AndroidManifest.xml:31:13-81
57            android:screenOrientation="portrait" />
57-->[:camerarecorder] AndroidManifest.xml:32:13-49
58        <activity
58-->[:camerarecorder] AndroidManifest.xml:33:9-35:52
59            android:name="com.daasuu.camerarecorder.PZoomActivity"
59-->[:camerarecorder] AndroidManifest.xml:34:13-67
60            android:screenOrientation="portrait" />
60-->[:camerarecorder] AndroidManifest.xml:35:13-49
61        <activity
61-->[:camerarecorder] AndroidManifest.xml:36:9-38:52
62            android:name="com.daasuu.camerarecorder.EntryActivity"
62-->[:camerarecorder] AndroidManifest.xml:37:13-67
63            android:screenOrientation="portrait" />
63-->[:camerarecorder] AndroidManifest.xml:38:13-49
64        <activity
64-->[:camerarecorder] AndroidManifest.xml:39:9-41:52
65            android:name="com.daasuu.camerarecorder.FirstEntryActivity"
65-->[:camerarecorder] AndroidManifest.xml:40:13-72
66            android:screenOrientation="portrait" />
66-->[:camerarecorder] AndroidManifest.xml:41:13-49
67        <activity
67-->[:camerarecorder] AndroidManifest.xml:42:9-44:52
68            android:name="com.daasuu.camerarecorder.VideoProcessActivity"
68-->[:camerarecorder] AndroidManifest.xml:43:13-74
69            android:screenOrientation="portrait" />
69-->[:camerarecorder] AndroidManifest.xml:44:13-49
70        <activity
70-->[:camerarecorder] AndroidManifest.xml:45:9-47:52
71            android:name="com.daasuu.camerarecorder.MainZoomActivity"
71-->[:camerarecorder] AndroidManifest.xml:46:13-70
72            android:screenOrientation="portrait" />
72-->[:camerarecorder] AndroidManifest.xml:47:13-49
73        <activity
73-->[:camerarecorder] AndroidManifest.xml:48:9-50:52
74            android:name="com.daasuu.camerarecorder.ZoomVideoActivity"
74-->[:camerarecorder] AndroidManifest.xml:49:13-71
75            android:screenOrientation="portrait" />
75-->[:camerarecorder] AndroidManifest.xml:50:13-49
76        <activity
76-->[:camerarecorder] AndroidManifest.xml:51:9-54:65
77            android:name="com.daasuu.camerarecorder.CustomAutoPlace"
77-->[:camerarecorder] AndroidManifest.xml:52:13-69
78            android:screenOrientation="portrait"
78-->[:camerarecorder] AndroidManifest.xml:53:13-49
79            android:theme="@style/Theme.AppCompat.SelfLucent" />
79-->[:camerarecorder] AndroidManifest.xml:54:13-62
80        <activity
80-->[:camerarecorder] AndroidManifest.xml:55:9-57:52
81            android:name="com.daasuu.camerarecorder.PPicCrop"
81-->[:camerarecorder] AndroidManifest.xml:56:13-62
82            android:screenOrientation="portrait" />
82-->[:camerarecorder] AndroidManifest.xml:57:13-49
83        <activity
83-->[:camerarecorder] AndroidManifest.xml:58:9-60:52
84            android:name="com.daasuu.camerarecorder.ZoomMultiActivity"
84-->[:camerarecorder] AndroidManifest.xml:59:13-71
85            android:screenOrientation="portrait" />
85-->[:camerarecorder] AndroidManifest.xml:60:13-49
86        <activity
86-->[:camerarecorder] AndroidManifest.xml:61:9-63:52
87            android:name="com.daasuu.camerarecorder.StoryVideoActivity"
87-->[:camerarecorder] AndroidManifest.xml:62:13-72
88            android:screenOrientation="portrait" />
88-->[:camerarecorder] AndroidManifest.xml:63:13-49
89        <activity
89-->[:camerarecorder] AndroidManifest.xml:64:9-67:66
90            android:name="com.daasuu.camerarecorder.AddGiffOnVideoActivity"
90-->[:camerarecorder] AndroidManifest.xml:65:13-76
91            android:screenOrientation="portrait"
91-->[:camerarecorder] AndroidManifest.xml:66:13-49
92            android:theme="@style/Theme.AppCompat.Transaprent" />
92-->[:camerarecorder] AndroidManifest.xml:67:13-63
93        <activity
93-->[:camerarecorder] AndroidManifest.xml:68:9-70:52
94            android:name="com.daasuu.camerarecorder.BaseCameraActivity"
94-->[:camerarecorder] AndroidManifest.xml:69:13-72
95            android:screenOrientation="portrait" />
95-->[:camerarecorder] AndroidManifest.xml:70:13-49
96        <activity
96-->[:camerarecorder] AndroidManifest.xml:71:9-73:52
97            android:name="com.daasuu.camerarecorder.CommentActivity"
97-->[:camerarecorder] AndroidManifest.xml:72:13-69
98            android:screenOrientation="portrait" />
98-->[:camerarecorder] AndroidManifest.xml:73:13-49
99        <activity
99-->[:camerarecorder] AndroidManifest.xml:74:9-76:52
100            android:name="com.daasuu.camerarecorder.ZoomActivity"
100-->[:camerarecorder] AndroidManifest.xml:75:13-66
101            android:screenOrientation="portrait" />
101-->[:camerarecorder] AndroidManifest.xml:76:13-49
102        <activity
102-->[:camerarecorder] AndroidManifest.xml:77:9-79:52
103            android:name="com.daasuu.camerarecorder.CollageActivity"
103-->[:camerarecorder] AndroidManifest.xml:78:13-69
104            android:screenOrientation="portrait" />
104-->[:camerarecorder] AndroidManifest.xml:79:13-49
105        <activity
105-->[:camerarecorder] AndroidManifest.xml:80:9-82:52
106            android:name="com.daasuu.camerarecorder.StatusOptionsActivity"
106-->[:camerarecorder] AndroidManifest.xml:81:13-75
107            android:screenOrientation="portrait" />
107-->[:camerarecorder] AndroidManifest.xml:82:13-49
108        <activity
108-->[:camerarecorder] AndroidManifest.xml:83:9-85:52
109            android:name="com.daasuu.camerarecorder.ProfileCropper"
109-->[:camerarecorder] AndroidManifest.xml:84:13-68
110            android:screenOrientation="portrait" />
110-->[:camerarecorder] AndroidManifest.xml:85:13-49
111        <activity
111-->[:camerarecorder] AndroidManifest.xml:86:9-89:66
112            android:name="com.daasuu.camerarecorder.CustomDateActivity"
112-->[:camerarecorder] AndroidManifest.xml:87:13-72
113            android:screenOrientation="portrait"
113-->[:camerarecorder] AndroidManifest.xml:88:13-49
114            android:theme="@style/Theme.AppCompat.Transaprent" />
114-->[:camerarecorder] AndroidManifest.xml:89:13-63
115        <activity
115-->[:camerarecorder] AndroidManifest.xml:90:9-93:65
116            android:name="com.daasuu.camerarecorder.FastAndSlowVideoMotionActivity"
116-->[:camerarecorder] AndroidManifest.xml:91:13-84
117            android:screenOrientation="portrait"
117-->[:camerarecorder] AndroidManifest.xml:92:13-49
118            android:theme="@style/Theme.AppCompat.SelfLucent" />
118-->[:camerarecorder] AndroidManifest.xml:93:13-62
119        <activity
119-->[:camerarecorder] AndroidManifest.xml:94:9-97:66
120            android:name="com.daasuu.camerarecorder.SearchGiffActivity"
120-->[:camerarecorder] AndroidManifest.xml:95:13-72
121            android:screenOrientation="portrait"
121-->[:camerarecorder] AndroidManifest.xml:96:13-49
122            android:theme="@style/Theme.AppCompat.Transaprent" />
122-->[:camerarecorder] AndroidManifest.xml:97:13-63
123        <activity
123-->[:camerarecorder] AndroidManifest.xml:98:9-102:55
124            android:name="com.daasuu.camerarecorder.UpdateProfileActivity"
124-->[:camerarecorder] AndroidManifest.xml:99:13-75
125            android:screenOrientation="portrait"
125-->[:camerarecorder] AndroidManifest.xml:100:13-49
126            android:theme="@style/Theme.AppCompat.Transaprent"
126-->[:camerarecorder] AndroidManifest.xml:101:13-63
127            android:windowSoftInputMode="adjustPan" />
127-->[:camerarecorder] AndroidManifest.xml:102:13-52
128        <activity
128-->[:camerarecorder] AndroidManifest.xml:103:9-105:52
129            android:name="com.daasuu.camerarecorder.AddCommentActivity"
129-->[:camerarecorder] AndroidManifest.xml:104:13-72
130            android:screenOrientation="portrait" />
130-->[:camerarecorder] AndroidManifest.xml:105:13-49
131        <activity
131-->[:camerarecorder] AndroidManifest.xml:106:9-108:52
132            android:name="com.daasuu.camerarecorder.CombineImagesActivity"
132-->[:camerarecorder] AndroidManifest.xml:107:13-75
133            android:screenOrientation="portrait" />
133-->[:camerarecorder] AndroidManifest.xml:108:13-49
134        <activity
134-->[:camerarecorder] AndroidManifest.xml:109:9-111:52
135            android:name="com.daasuu.camerarecorder.friendListMenu"
135-->[:camerarecorder] AndroidManifest.xml:110:13-68
136            android:screenOrientation="portrait" />
136-->[:camerarecorder] AndroidManifest.xml:111:13-49
137        <activity
137-->[:camerarecorder] AndroidManifest.xml:112:9-114:52
138            android:name="com.daasuu.camerarecorder.OpenOptions"
138-->[:camerarecorder] AndroidManifest.xml:113:13-65
139            android:screenOrientation="portrait" />
139-->[:camerarecorder] AndroidManifest.xml:114:13-49
140        <activity
140-->[:camerarecorder] AndroidManifest.xml:115:9-117:52
141            android:name="com.daasuu.camerarecorder.ExtractAudioActivity"
141-->[:camerarecorder] AndroidManifest.xml:116:13-74
142            android:screenOrientation="portrait" />
142-->[:camerarecorder] AndroidManifest.xml:117:13-49
143        <activity
143-->[:camerarecorder] AndroidManifest.xml:118:9-121:66
144            android:name="com.daasuu.camerarecorder.ShowUpdateActivity"
144-->[:camerarecorder] AndroidManifest.xml:119:13-72
145            android:screenOrientation="portrait"
145-->[:camerarecorder] AndroidManifest.xml:120:13-49
146            android:theme="@style/Theme.AppCompat.Transaprent" />
146-->[:camerarecorder] AndroidManifest.xml:121:13-63
147        <activity
147-->[:camerarecorder] AndroidManifest.xml:122:9-125:65
148            android:name="com.daasuu.camerarecorder.AddTextOnVideoActivity"
148-->[:camerarecorder] AndroidManifest.xml:123:13-76
149            android:screenOrientation="portrait"
149-->[:camerarecorder] AndroidManifest.xml:124:13-49
150            android:theme="@style/Theme.AppCompat.SelfLucent" />
150-->[:camerarecorder] AndroidManifest.xml:125:13-62
151        <activity
151-->[:camerarecorder] AndroidManifest.xml:126:9-129:65
152            android:name="com.daasuu.camerarecorder.ReverseVideoActivity"
152-->[:camerarecorder] AndroidManifest.xml:127:13-74
153            android:screenOrientation="portrait"
153-->[:camerarecorder] AndroidManifest.xml:128:13-49
154            android:theme="@style/Theme.AppCompat.SelfLucent" />
154-->[:camerarecorder] AndroidManifest.xml:129:13-62
155        <activity
155-->[:camerarecorder] AndroidManifest.xml:130:9-132:52
156            android:name="com.daasuu.camerarecorder.MergeImageAndMP3Activity"
156-->[:camerarecorder] AndroidManifest.xml:131:13-78
157            android:screenOrientation="portrait" />
157-->[:camerarecorder] AndroidManifest.xml:132:13-49
158        <activity
158-->[:camerarecorder] AndroidManifest.xml:133:9-136:66
159            android:name="com.daasuu.camerarecorder.LikeActivity"
159-->[:camerarecorder] AndroidManifest.xml:134:13-66
160            android:screenOrientation="portrait"
160-->[:camerarecorder] AndroidManifest.xml:135:13-49
161            android:theme="@style/Theme.AppCompat.Transaprent" />
161-->[:camerarecorder] AndroidManifest.xml:136:13-63
162        <activity
162-->[:camerarecorder] AndroidManifest.xml:137:9-140:66
163            android:name="com.daasuu.camerarecorder.LikeActivity2"
163-->[:camerarecorder] AndroidManifest.xml:138:13-67
164            android:screenOrientation="portrait"
164-->[:camerarecorder] AndroidManifest.xml:139:13-49
165            android:theme="@style/Theme.AppCompat.Transaprent" />
165-->[:camerarecorder] AndroidManifest.xml:140:13-63
166        <activity
166-->[:camerarecorder] AndroidManifest.xml:141:9-144:66
167            android:name="com.daasuu.camerarecorder.PopupMenuAcitivty"
167-->[:camerarecorder] AndroidManifest.xml:142:13-71
168            android:screenOrientation="portrait"
168-->[:camerarecorder] AndroidManifest.xml:143:13-49
169            android:theme="@style/Theme.AppCompat.Transaprent" />
169-->[:camerarecorder] AndroidManifest.xml:144:13-63
170        <activity
170-->[:camerarecorder] AndroidManifest.xml:145:9-147:52
171            android:name="com.daasuu.camerarecorder.MessageActivity"
171-->[:camerarecorder] AndroidManifest.xml:146:13-69
172            android:screenOrientation="portrait" />
172-->[:camerarecorder] AndroidManifest.xml:147:13-49
173        <activity
173-->[:camerarecorder] AndroidManifest.xml:148:9-151:65
174            android:name="com.daasuu.camerarecorder.AddWaterMarkOnVideoActivity"
174-->[:camerarecorder] AndroidManifest.xml:149:13-81
175            android:screenOrientation="portrait"
175-->[:camerarecorder] AndroidManifest.xml:150:13-49
176            android:theme="@style/Theme.AppCompat.SelfLucent" />
176-->[:camerarecorder] AndroidManifest.xml:151:13-62
177        <activity
177-->[:camerarecorder] AndroidManifest.xml:152:9-155:65
178            android:name="com.daasuu.camerarecorder.SpeechManipulatorActivity"
178-->[:camerarecorder] AndroidManifest.xml:153:13-79
179            android:screenOrientation="portrait"
179-->[:camerarecorder] AndroidManifest.xml:154:13-49
180            android:theme="@style/Theme.AppCompat.SelfLucent" />
180-->[:camerarecorder] AndroidManifest.xml:155:13-62
181        <activity
181-->[:camerarecorder] AndroidManifest.xml:156:9-159:66
182            android:name="com.daasuu.camerarecorder.CombineVideosActivity"
182-->[:camerarecorder] AndroidManifest.xml:157:13-75
183            android:screenOrientation="portrait"
183-->[:camerarecorder] AndroidManifest.xml:158:13-49
184            android:theme="@style/Theme.AppCompat.Transaprent" />
184-->[:camerarecorder] AndroidManifest.xml:159:13-63
185        <activity
185-->[:camerarecorder] AndroidManifest.xml:160:9-162:52
186            android:name="com.daasuu.camerarecorder.IntroActivity"
186-->[:camerarecorder] AndroidManifest.xml:161:13-67
187            android:screenOrientation="portrait" />
187-->[:camerarecorder] AndroidManifest.xml:162:13-49
188        <activity
188-->[:camerarecorder] AndroidManifest.xml:163:9-165:52
189            android:name="com.daasuu.camerarecorder.CombineImageAndVideoActivity"
189-->[:camerarecorder] AndroidManifest.xml:164:13-82
190            android:screenOrientation="portrait" />
190-->[:camerarecorder] AndroidManifest.xml:165:13-49
191        <activity
191-->[:camerarecorder] AndroidManifest.xml:166:9-168:52
192            android:name="com.daasuu.camerarecorder.MergeAudioVideoActivity"
192-->[:camerarecorder] AndroidManifest.xml:167:13-77
193            android:screenOrientation="portrait" />
193-->[:camerarecorder] AndroidManifest.xml:168:13-49
194        <activity
194-->[:camerarecorder] AndroidManifest.xml:169:9-171:52
195            android:name="com.daasuu.camerarecorder.RemoveAudioFromVideoActivity"
195-->[:camerarecorder] AndroidManifest.xml:170:13-82
196            android:screenOrientation="portrait" />
196-->[:camerarecorder] AndroidManifest.xml:171:13-49
197        <activity
197-->[:camerarecorder] AndroidManifest.xml:172:9-174:52
198            android:name="com.daasuu.camerarecorder.ImageToVideoConvertActivity"
198-->[:camerarecorder] AndroidManifest.xml:173:13-81
199            android:screenOrientation="portrait" />
199-->[:camerarecorder] AndroidManifest.xml:174:13-49
200        <activity
200-->[:camerarecorder] AndroidManifest.xml:175:9-177:52
201            android:name="com.daasuu.camerarecorder.VideoRotateFlipActivity"
201-->[:camerarecorder] AndroidManifest.xml:176:13-77
202            android:screenOrientation="portrait" />
202-->[:camerarecorder] AndroidManifest.xml:177:13-49
203        <activity
203-->[:camerarecorder] AndroidManifest.xml:178:9-180:52
204            android:name="com.daasuu.camerarecorder.CutVideoUsingTimeActivity"
204-->[:camerarecorder] AndroidManifest.xml:179:13-79
205            android:screenOrientation="portrait" />
205-->[:camerarecorder] AndroidManifest.xml:180:13-49
206        <activity
206-->[:camerarecorder] AndroidManifest.xml:181:9-183:52
207            android:name="com.daasuu.camerarecorder.VideoToGifActivity"
207-->[:camerarecorder] AndroidManifest.xml:182:13-72
208            android:screenOrientation="portrait" />
208-->[:camerarecorder] AndroidManifest.xml:183:13-49
209        <activity
209-->[:camerarecorder] AndroidManifest.xml:184:9-186:52
210            android:name="com.daasuu.camerarecorder.ExtraOptionsActivity"
210-->[:camerarecorder] AndroidManifest.xml:185:13-74
211            android:screenOrientation="portrait" />
211-->[:camerarecorder] AndroidManifest.xml:186:13-49
212        <activity
212-->[:camerarecorder] AndroidManifest.xml:187:9-189:52
213            android:name="com.daasuu.camerarecorder.OptionsList"
213-->[:camerarecorder] AndroidManifest.xml:188:13-65
214            android:screenOrientation="portrait" />
214-->[:camerarecorder] AndroidManifest.xml:189:13-49
215        <activity
215-->[:camerarecorder] AndroidManifest.xml:190:9-192:52
216            android:name="com.daasuu.camerarecorder.TrimMainActivity"
216-->[:camerarecorder] AndroidManifest.xml:191:13-70
217            android:screenOrientation="portrait" />
217-->[:camerarecorder] AndroidManifest.xml:192:13-49
218        <activity
218-->[:camerarecorder] AndroidManifest.xml:193:9-195:52
219            android:name="com.daasuu.camerarecorder.ProcessActivity"
219-->[:camerarecorder] AndroidManifest.xml:194:13-69
220            android:screenOrientation="portrait" />
220-->[:camerarecorder] AndroidManifest.xml:195:13-49
221        <activity
221-->[:camerarecorder] AndroidManifest.xml:196:9-198:52
222            android:name="com.daasuu.camerarecorder.MainFrameActivity"
222-->[:camerarecorder] AndroidManifest.xml:197:13-71
223            android:screenOrientation="portrait" />
223-->[:camerarecorder] AndroidManifest.xml:198:13-49
224        <activity
224-->[:camerarecorder] AndroidManifest.xml:199:9-201:52
225            android:name="com.daasuu.camerarecorder.PlaygroundActivity"
225-->[:camerarecorder] AndroidManifest.xml:200:13-72
226            android:screenOrientation="portrait" />
226-->[:camerarecorder] AndroidManifest.xml:201:13-49
227        <activity
227-->[:camerarecorder] AndroidManifest.xml:202:9-205:45
228            android:name="com.daasuu.camerarecorder.TrimmerActivity"
228-->[:camerarecorder] AndroidManifest.xml:203:13-69
229            android:screenOrientation="portrait" />
229-->[:camerarecorder] AndroidManifest.xml:204:13-49
230        <activity
230-->[:camerarecorder] AndroidManifest.xml:206:9-208:52
231            android:name="com.daasuu.camerarecorder.VoiceRecorderActivity"
231-->[:camerarecorder] AndroidManifest.xml:207:13-75
232            android:screenOrientation="portrait" />
232-->[:camerarecorder] AndroidManifest.xml:208:13-49
233
234        <meta-data
234-->[:camerarecorder] AndroidManifest.xml:210:9-212:57
235            android:name="preloaded_fonts"
235-->[:camerarecorder] AndroidManifest.xml:211:13-43
236            android:resource="@array/preloaded_fonts" />
236-->[:camerarecorder] AndroidManifest.xml:212:13-54
237
238        <uses-library
238-->[com.giphy.sdk:ui:2.1.6] AndroidManifest.xml:13:9-15:40
239            android:name="android.test.runner"
239-->[com.giphy.sdk:ui:2.1.6] AndroidManifest.xml:14:13-47
240            android:required="false" />
240-->[com.giphy.sdk:ui:2.1.6] AndroidManifest.xml:15:13-37
241        <uses-library
241-->[com.giphy.sdk:ui:2.1.6] AndroidManifest.xml:16:9-18:40
242            android:name="android.test.base"
242-->[com.giphy.sdk:ui:2.1.6] AndroidManifest.xml:17:13-45
243            android:required="false" />
243-->[com.giphy.sdk:ui:2.1.6] AndroidManifest.xml:18:13-37
244        <uses-library
244-->[com.giphy.sdk:ui:2.1.6] AndroidManifest.xml:19:9-21:40
245            android:name="android.test.mock"
245-->[com.giphy.sdk:ui:2.1.6] AndroidManifest.xml:20:13-45
246            android:required="false" />
246-->[com.giphy.sdk:ui:2.1.6] AndroidManifest.xml:21:13-37
247
248        <provider
248-->[com.github.jaiselrahman:FilePicker:1.3.2] AndroidManifest.xml:14:9-22:20
249            android:name="com.jaiselrahman.filepicker.utils.FilePickerProvider"
249-->[com.github.jaiselrahman:FilePicker:1.3.2] AndroidManifest.xml:15:13-80
250            android:authorities="com.sage.project.filepicker.provider"
250-->[com.github.jaiselrahman:FilePicker:1.3.2] AndroidManifest.xml:16:13-71
251            android:exported="false"
251-->[com.github.jaiselrahman:FilePicker:1.3.2] AndroidManifest.xml:17:13-37
252            android:grantUriPermissions="true" >
252-->[com.github.jaiselrahman:FilePicker:1.3.2] AndroidManifest.xml:18:13-47
253            <meta-data
253-->[com.github.jaiselrahman:FilePicker:1.3.2] AndroidManifest.xml:19:13-21:86
254                android:name="android.support.FILE_PROVIDER_PATHS"
254-->[com.github.jaiselrahman:FilePicker:1.3.2] AndroidManifest.xml:20:17-67
255                android:resource="@xml/com_jaiselrahman_filepicker_provider_paths" />
255-->[com.github.jaiselrahman:FilePicker:1.3.2] AndroidManifest.xml:21:17-83
256        </provider>
257
258        <activity
258-->[com.github.jaiselrahman:FilePicker:1.3.2] AndroidManifest.xml:24:9-26:59
259            android:name="com.jaiselrahman.filepicker.activity.FilePickerActivity"
259-->[com.github.jaiselrahman:FilePicker:1.3.2] AndroidManifest.xml:25:13-83
260            android:theme="@style/AppTheme.NoActionBar" />
260-->[com.github.jaiselrahman:FilePicker:1.3.2] AndroidManifest.xml:26:13-56
261        <activity android:name="com.xiaopo.flying.poiphoto.ui.PickActivity" />
261-->[com.flying.xiaopo:poiphoto:0.4.2] AndroidManifest.xml:15:9-79
261-->[com.flying.xiaopo:poiphoto:0.4.2] AndroidManifest.xml:15:19-76
262        <activity
262-->[com.google.android.libraries.places:places:2.4.0] AndroidManifest.xml:14:9-20:20
263            android:name="com.google.android.libraries.places.widget.AutocompleteActivity"
263-->[com.google.android.libraries.places:places:2.4.0] AndroidManifest.xml:15:13-91
264            android:exported="false"
264-->[com.google.android.libraries.places:places:2.4.0] AndroidManifest.xml:16:13-37
265            android:label="@string/places_autocomplete_label"
265-->[com.google.android.libraries.places:places:2.4.0] AndroidManifest.xml:17:13-62
266            android:theme="@style/PlacesAutocompleteOverlay"
266-->[com.google.android.libraries.places:places:2.4.0] AndroidManifest.xml:18:13-61
267            android:windowSoftInputMode="adjustResize" >
267-->[com.google.android.libraries.places:places:2.4.0] AndroidManifest.xml:19:13-55
268        </activity>
269        <activity
269-->[pub.devrel:easypermissions:3.0.0] AndroidManifest.xml:12:9-16:66
270            android:name="pub.devrel.easypermissions.AppSettingsDialogHolderActivity"
270-->[pub.devrel:easypermissions:3.0.0] AndroidManifest.xml:13:13-86
271            android:exported="false"
271-->[pub.devrel:easypermissions:3.0.0] AndroidManifest.xml:14:13-37
272            android:label=""
272-->[pub.devrel:easypermissions:3.0.0] AndroidManifest.xml:15:13-29
273            android:theme="@style/EasyPermissions.Transparent" />
273-->[pub.devrel:easypermissions:3.0.0] AndroidManifest.xml:16:13-63
274
275        <service
275-->[com.google.firebase:firebase-database:19.7.0] AndroidManifest.xml:29:9-35:19
276            android:name="com.google.firebase.components.ComponentDiscoveryService"
276-->[com.google.firebase:firebase-database:19.7.0] AndroidManifest.xml:30:13-84
277            android:directBootAware="true"
277-->[com.google.firebase:firebase-common:19.5.0] AndroidManifest.xml:35:13-43
278            android:exported="false" >
278-->[com.google.firebase:firebase-database:19.7.0] AndroidManifest.xml:31:13-37
279            <meta-data
279-->[com.google.firebase:firebase-database:19.7.0] AndroidManifest.xml:32:13-34:85
280                android:name="com.google.firebase.components:com.google.firebase.database.DatabaseRegistrar"
280-->[com.google.firebase:firebase-database:19.7.0] AndroidManifest.xml:33:17-109
281                android:value="com.google.firebase.components.ComponentRegistrar" />
281-->[com.google.firebase:firebase-database:19.7.0] AndroidManifest.xml:34:17-82
282            <meta-data
282-->[com.google.firebase:firebase-messaging:21.0.1] AndroidManifest.xml:39:13-41:85
283                android:name="com.google.firebase.components:com.google.firebase.messaging.FirebaseMessagingRegistrar"
283-->[com.google.firebase:firebase-messaging:21.0.1] AndroidManifest.xml:40:17-119
284                android:value="com.google.firebase.components.ComponentRegistrar" />